build/app/outputs/mapping/release/seeds.txt
com.example.project.MainActivity: MainActivity()
com.example.project.MainActivity
...
kotlin.coroutines.jvm.internal.BaseContinuationImpl: void releaseIntercepted()
androidx.window.core.Version$Companion: Version$Companion(kotlin.jvm.internal.DefaultConstructorMarker)
com.google.android.gms.internal.firebase-auth-api.zzhv: com.google.android.gms.internal.firebase-auth-api.zzyi zzf
com.google.android.gms.internal.firebase-auth-api.zzwe: android.os.Parcelable$Creator CREATOR
androidx.core.app.RemoteActionCompat: RemoteActionCompat()
kotlin.jvm.internal.CallableReference: kotlin.reflect.KCallable reflected
androidx.window.embedding.ExtensionEmbeddingBackend: java.util.concurrent.locks.ReentrantLock globalLock
androidx.window.layout.WindowInfoTrackerImpl$windowLayoutInfo$1: java.lang.Object invoke(java.lang.Object,java.lang.Object)
androidx.lifecycle.ReportFragment$LifecycleCallbacks: ReportFragment$LifecycleCallbacks()
androidx.window.core.Version: androidx.window.core.Version access$getVERSION_1_0$cp()
io.flutter.embedding.engine.FlutterJNI: void nativeImageHeaderCallback(long,int,int)
io.flutter.embedding.android.FlutterSurfaceView
com.google.android.gms.internal.firebase-auth-api.zzny: android.os.Parcelable$Creator CREATOR
kotlin.jvm.internal.CallableReference: kotlin.reflect.KCallable getReflected()
io.flutter.embedding.engine.FlutterJNI: void setDeferredComponentManager(io.flutter.embedding.engine.deferredcomponents.DeferredComponentManager)
com.google.firebase.auth.GithubAuthCredential: android.os.Parcelable$Creator CREATOR
com.google.android.gms.internal.firebase-auth-api.zzgo: int zzf
com.google.android.gms.internal.firebase-auth-api.zzla: com.google.android.gms.internal.firebase-auth-api.zzla zzb
io.flutter.embedding.engine.FlutterOverlaySurface
androidx.window.java.layout.WindowInfoTrackerCallbackAdapter$addListener$1$1
androidx.window.layout.SidecarWindowBackend$Companion: androidx.window.layout.SidecarWindowBackend getInstance(android.content.Context)
androidx.window.embedding.SplitController: void clearRegisteredRules()
kotlinx.coroutines.UndispatchedCoroutine
com.google.android.gms.internal.firebase-auth-api.zzip: com.google.android.gms.internal.firebase-auth-api.zzip zzb
com.google.android.gms.internal.firebase-auth-api.zzku: int zze
androidx.window.layout.HardwareFoldingFeature: androidx.window.layout.FoldingFeature$State getState()
androidx.window.R$attr: R$attr()
androidx.window.core.Version: androidx.window.core.Version access$getVERSION_0_1$cp()
io.flutter.embedding.engine.FlutterOverlaySurface: FlutterOverlaySurface(int,android.view.Surface)
androidx.window.layout.SidecarCompat$Companion: SidecarCompat$Companion(kotlin.jvm.internal.DefaultConstructorMarker)
io.flutter.embedding.engine.systemchannels.PlatformChannel$SystemUiOverlay: io.flutter.embedding.engine.systemchannels.PlatformChannel$SystemUiOverlay valueOf(java.lang.String)
androidx.window.layout.WindowMetricsCalculator$Companion$overrideDecorator$1: java.lang.Object invoke(java.lang.Object)
com.google.android.gms.internal.firebase-auth-api.zzkh: boolean zzh
io.flutter.embedding.engine.FlutterJNI: void unregisterTexture(long)
com.google.android.gms.internal.firebase-auth-api.zzjz: com.google.android.gms.internal.firebase-auth-api.zzyi zzf
kotlin.jvm.internal.CallableReference: kotlin.reflect.KVisibility getVisibility()
androidx.window.layout.FoldingFeature$Orientation$Companion: FoldingFeature$Orientation$Companion(kotlin.jvm.internal.DefaultConstructorMarker)
androidx.window.embedding.ExtensionEmbeddingBackend$EmbeddingCallbackImpl: java.util.List getLastInfo()
kotlin.coroutines.jvm.internal.BaseContinuationImpl: kotlin.coroutines.Continuation create(java.lang.Object,kotlin.coroutines.Continuation)
androidx.window.R$styleable: int SplitPlaceholderRule_splitRatio
androidx.window.embedding.EmbeddingBackend
io.flutter.view.AccessibilityViewEmbedder: java.lang.String TAG
com.google.android.gms.internal.firebase-auth-api.zzgu: int zze
androidx.window.layout.WindowMetricsCalculatorCompat: WindowMetricsCalculatorCompat()