build/app/outputs/mapping/release/mapping.txt
# compiler: R8
# compiler_version: 2.1.62
# min_api: 19
# pg_map_id: fe1c5a4
# common_typos_disable
...
io.flutter.embedding.engine.systemchannels.PlatformChannel$SystemUiOverlay -> io.flutter.embedding.engine.j.i$l:
    java.lang.String encodedName -> f
    io.flutter.embedding.engine.systemchannels.PlatformChannel$SystemUiOverlay[] $VALUES -> i
    io.flutter.embedding.engine.systemchannels.PlatformChannel$SystemUiOverlay TOP_OVERLAYS -> g
    io.flutter.embedding.engine.systemchannels.PlatformChannel$SystemUiOverlay BOTTOM_OVERLAYS -> h
    io.flutter.embedding.engine.systemchannels.PlatformChannel$SystemUiOverlay fromValue(java.lang.String) -> d
io.flutter.embedding.engine.systemchannels.PlatformViewsChannel -> io.flutter.embedding.engine.j.j:
    io.flutter.plugin.common.MethodChannel$MethodCallHandler parsingHandler -> c
    io.flutter.embedding.engine.systemchannels.PlatformViewsChannel$PlatformViewsHandler handler -> b
    io.flutter.plugin.common.MethodChannel channel -> a
    io.flutter.embedding.engine.systemchannels.PlatformViewsChannel$PlatformViewsHandler access$000(io.flutter.embedding.engine.systemchannels.PlatformViewsChannel) -> a
    java.lang.String access$100(java.lang.Exception) -> b
    java.lang.String detailedExceptionString(java.lang.Exception) -> c
    void invokeViewFocused(int) -> d
    void setPlatformViewsHandler(io.flutter.embedding.engine.systemchannels.PlatformViewsChannel$PlatformViewsHandler) -> e
io.flutter.embedding.engine.systemchannels.PlatformViewsChannel$1 -> io.flutter.embedding.engine.j.j$a:
    io.flutter.embedding.engine.systemchannels.PlatformViewsChannel this$0 -> a
    void clearFocus(io.flutter.plugin.common.MethodCall,io.flutter.plugin.common.MethodChannel$Result) -> a
    void create(io.flutter.plugin.common.MethodCall,io.flutter.plugin.common.MethodChannel$Result) -> b
    void dispose(io.flutter.plugin.common.MethodCall,io.flutter.plugin.common.MethodChannel$Result) -> c
    void resize(io.flutter.plugin.common.MethodCall,io.flutter.plugin.common.MethodChannel$Result) -> d
    void setDirection(io.flutter.plugin.common.MethodCall,io.flutter.plugin.common.MethodChannel$Result) -> e
    void synchronizeToNativeViewHierarchy(io.flutter.plugin.common.MethodCall,io.flutter.plugin.common.MethodChannel$Result) -> f
    void onMethodCall(io.flutter.plugin.common.MethodCall,io.flutter.plugin.common.MethodChannel$Result) -> g
    void touch(io.flutter.plugin.common.MethodCall,io.flutter.plugin.common.MethodChannel$Result) -> h
io.flutter.embedding.engine.systemchannels.PlatformViewsChannel$1$1 -> io.flutter.embedding.engine.j.j$a$a:
    io.flutter.plugin.common.MethodChannel$Result val$result -> f
io.flutter.embedding.engine.systemchannels.PlatformViewsChannel$PlatformViewCreationRequest -> io.flutter.embedding.engine.j.j$b:
    java.nio.ByteBuffer params -> f
    double logicalWidth -> c
    double logicalHeight -> d
    int direction -> e
    java.lang.String viewType -> b
    int viewId -> a
io.flutter.embedding.engine.systemchannels.PlatformViewsChannel$PlatformViewResizeRequest -> io.flutter.embedding.engine.j.j$c:
    double newLogicalWidth -> b
    double newLogicalHeight -> c
    int viewId -> a
io.flutter.embedding.engine.systemchannels.PlatformViewsChannel$PlatformViewTouch -> io.flutter.embedding.engine.j.j$d:
    int source -> n
    float yPrecision -> k
    int flags -> o
    float xPrecision -> j
    int deviceId -> l
    int edgeFlags -> m
    java.lang.Object rawPointerPropertiesList -> f
    java.lang.Object rawPointerCoords -> g
    int metaState -> h
    int buttonState -> i
    int action -> d
    int pointerCount -> e
    int viewId -> a
    java.lang.Number downTime -> b
    java.lang.Number eventTime -> c
    long motionEventId -> p