build/app/outputs/mapping/release/usage.txt
com.example.project.R$string
com.example.project.R$xml
com.example.project.R$id
com.example.project.R$attr
com.example.project.R$styleable
com.example.project.R$mipmap
com.example.project.R$raw
com.example.project.R$style
com.example.project.R$integer
com.example.project.BuildConfig
com.example.project.R$layout
com.example.project.R$color
com.example.project.R$dimen
com.example.project.R$drawable
com.example.project.R
...
kotlinx.coroutines.channels.ChannelKt:
    public static final java.lang.Object getOrElse-WpGqRn0(java.lang.Object,kotlin.jvm.functions.Function1)
    public static final java.lang.Object onSuccess-WpGqRn0(java.lang.Object,kotlin.jvm.functions.Function1)
    public static final java.lang.Object onFailure-WpGqRn0(java.lang.Object,kotlin.jvm.functions.Function1)
    public static final java.lang.Object onClosed-WpGqRn0(java.lang.Object,kotlin.jvm.functions.Function1)
    public static final synthetic kotlinx.coroutines.channels.Channel Channel(int)
    public static synthetic kotlinx.coroutines.channels.Channel Channel$default(int,int,java.lang.Object)
kotlinx.coroutines.debug.internal.DebugProbesImpl$dumpCoroutinesSynchronized$1$2
kotlin.text.StringsKt___StringsKt$chunkedSequence$1
kotlinx.coroutines.InterruptibleKt
androidx.activity.R
kotlin.LazyThreadSafetyMode
androidx.browser.R$style
kotlinx.coroutines.CompletableJob$DefaultImpls
kotlinx.coroutines.channels.ActorScope
androidx.core.app.NotificationCompat$BigTextStyle:
    public void <init>(androidx.core.app.NotificationCompat$Builder)
    public androidx.core.app.NotificationCompat$BigTextStyle setBigContentTitle(java.lang.CharSequence)
    public androidx.core.app.NotificationCompat$BigTextStyle setSummaryText(java.lang.CharSequence)
    protected void restoreFromCompatExtras(android.os.Bundle)
    protected void clearCompatExtraKeys(android.os.Bundle)
    private static final java.lang.String TEMPLATE_CLASS_NAME
com.google.android.gms.auth.api.phone.SmsRetrieverClient:
    public void <init>(android.app.Activity)
    public abstract com.google.android.gms.tasks.Task startSmsUserConsent(java.lang.String)
androidx.core.app.ActivityCompat$PermissionCompatDelegate:
    public abstract boolean requestPermissions(android.app.Activity,java.lang.String[],int)
kotlin.jvm.internal.CharSpreadBuilder
com.google.android.gms.tasks.zzx
androidx.core.view.inputmethod.InputContentInfoCompat$InputContentInfoCompatBaseImpl
androidx.annotation.AnyThread
androidx.core.content.FileProvider$PathStrategy
androidx.browser.R
kotlin.jvm.Volatile
kotlinx.coroutines.AwaitKt
androidx.core.widget.ImageViewCompat
com.google.firebase.database.DatabaseError:
    public static final int DATA_STALE
    public static final int OPERATION_FAILED
    public static final int PERMISSION_DENIED
    public static final int DISCONNECTED
    public static final int EXPIRED_TOKEN
    public static final int INVALID_TOKEN
    public static final int MAX_RETRIES
    public static final int OVERRIDDEN_BY_SET
    public static final int UNAVAILABLE
    public static final int USER_CODE_EXCEPTION
    public static final int NETWORK_ERROR
    public static final int WRITE_CANCELED
    public static final int UNKNOWN_ERROR
androidx.annotation.RestrictTo$Scope
com.google.android.gms.internal.firebase-auth-api.zzop
androidx.core.widget.ContentLoadingProgressBar
kotlinx.coroutines.flow.ChannelAsFlow
io.flutter.plugin.common.EventChannel$IncomingStreamRequestHandler$EventSinkImplementation:
    public void endOfStream()
kotlinx.coroutines.flow.StartedLazily$command$1